[vision] device=cpu  src=http://10.122.158.116:8080/video  model=yolov8n.pt
[vision] Connecting to IP Webcam: http://10.122.158.116:8080/video
[vision] Camera opened successfully - frame size: (1080, 1920, 3)
[vision] IP Webcam stream active - ready for object detection
[vision] Status: 100 frames processed
VISION|Person:0.46
VISION|Person:0.46
VISION|Person:0.57,Person:0.46
VISION|Person:0.66
VISION|Person:0.73
VISION|Person:0.56
VISION|Person:0.46
VISION|Person:0.45
[vision] Status: 200 frames processed
VISION|Person:0.55
VISION|Person:0.68
VISION|Person:0.49
VISION|Person:0.47
VISION|Person:0.66
VISION|Person:0.57
VISION|Person:0.45
VISION|Person:0.54
[vision] Status: 300 frames processed
VISION|Person:0.71
VISION|Person:0.49
VISION|Person:0.52
VISION|Person:0.49
VISION|Person:0.52
VISION|Person:0.47
[vision] Status: 400 frames processed
[vision] Status: 500 frames processed
VISION|Person:0.60
[vision] Status: 600 frames processed
VISION|Person:0.55
VISION|Person:0.90,Person:0.88,Person:0.74
VISION|Person:0.83,Person:0.81,Person:0.75,Furniture:0.48
VISION|Person:0.87,Person:0.76,Person:0.72
VISION|Person:0.87,Person:0.82,Person:0.70
VISION|Person:0.87,Person:0.84,Person:0.79
VISION|Person:0.88,Person:0.80,Person:0.71
VISION|Person:0.86,Person:0.84,Person:0.81,Person:0.75
VISION|Person:0.84,Person:0.83,Person:0.71,Person:0.54
VISION|Person:0.89,Person:0.86,Person:0.58,Person:0.54
VISION|Person:0.90,Person:0.79
VISION|Person:0.91,Person:0.78
VISION|Person:0.85,Person:0.84,Person:0.56
VISION|Person:0.91,Person:0.81,Person:0.72,Person:0.68
VISION|Person:0.92,Person:0.85,Person:0.75,Person:0.58
VISION|Person:0.90,Person:0.76,Person:0.60
[vision] Status: 700 frames processed
VISION|Person:0.67
VISION|Person:0.45
[vision] Status: 800 frames processed
[vision] Status: 900 frames processed
[vision] device=cpu  src=http://10.122.158.116:8080/video  model=yolov8n.pt
[vision] Connecting to IP Webcam: http://10.122.158.116:8080/video
[vision] Camera opened successfully - frame size: (1080, 1920, 3)
[vision] IP Webcam stream active - ready for object detection
[vision] Status: 100 frames processed
[vision] Status: 200 frames processed
VISION|Person:0.50:1000
[vision] Status: 300 frames processed
VISION|Dog:0.55:1000
VISION|Person:0.47:500
VISION|Person:0.56:1000
VISION|Person:0.54:500
VISION|Person:0.77:1000
VISION|Person:0.75:1000
VISION|Person:0.59:500
VISION|Person:0.52:1000
VISION|Person:0.62:1000
VISION|Person:0.80:1000
VISION|Person:0.71:500
VISION|Person:0.54:500
[vision] Status: 400 frames processed
VISION|Person:0.47:500
VISION|Person:0.72:1000,Furniture:0.57:2500,Person:0.48:2500
VISION|Person:0.90:1000,Person:0.88:1000,Person:0.50:2500,Person:0.50:2500
VISION|Person:0.89:1000,Furniture:0.85:2500,Person:0.84:1000,Person:0.46:2500
VISION|Furniture:0.82:2500,Person:0.79:1000,Person:0.79:1000,Person:0.74:2500,Furniture:0.50:2500,Furniture:0.48:1500
VISION|Person:0.85:500,Person:0.74:500,Person:0.73:2500
VISION|Person:0.81:1000,Person:0.77:500,Person:0.77:2500
VISION|Person:0.78:500,Person:0.67:2500,Person:0.58:500
VISION|Person:0.80:1000,Person:0.75:500
VISION|Person:0.81:1000
VISION|Person:0.78:1000,Person:0.46:500
VISION|Person:0.82:1000,Person:0.65:500
VISION|Person:0.72:200
VISION|Person:0.48:1000
VISION|Person:0.63:1500
VISION|Person:0.54:500
[vision] Status: 500 frames processed
VISION|Person:0.53:1000
VISION|Person:0.70:1000
VISION|Person:0.63:1000
VISION|Person:0.54:1000
VISION|Person:0.51:1000
VISION|Person:0.61:1000
VISION|Person:0.81:1000,Person:0.62:2500
VISION|Person:0.68:2500,Person:0.68:1000
VISION|Person:0.69:1000,Person:0.54:2500
VISION|Person:0.62:2500,Person:0.60:500,Person:0.50:1000
VISION|Person:0.72:1000,Person:0.71:1500,Person:0.51:2500
[vision] Status: 600 frames processed
VISION|Person:0.76:1500,Person:0.64:2500,Person:0.60:1000,Person:0.53:1000
VISION|Person:0.83:1000,Person:0.83:1500,Person:0.79:1000,Person:0.69:2500
VISION|Person:0.83:1500,Person:0.80:1000,Person:0.77:1000,Person:0.56:2500
VISION|Person:0.90:1000,Person:0.84:1000,Person:0.78:2500,Person:0.75:2500
VISION|Person:0.85:1000,Person:0.74:2500,Person:0.66:1000,Person:0.63:2500
VISION|Person:0.76:1000,Person:0.73:1000,Person:0.65:2500,Person:0.64:2500
VISION|Person:0.88:1000,Person:0.87:2500,Person:0.70:1000,Person:0.65:2500,Person:0.51:500
VISION|Person:0.88:1000,Person:0.87:2500,Person:0.62:1000,Person:0.55:500
VISION|Person:0.91:1000,Person:0.86:2500,Person:0.72:1000
VISION|Person:0.90:1000,Person:0.88:2500,Person:0.80:1000
VISION|Person:0.86:2500,Person:0.84:1000,Person:0.59:1000
VISION|Person:0.88:2500,Person:0.79:1000
VISION|Person:0.79:2500,Person:0.70:1500
VISION|Person:0.57:2500,Person:0.55:1500
[vision] Status: 700 frames processed
[mjpeg @ 0x12efa7f40] overread 8
[vision] Status: 800 frames processed
[vision] Status: 900 frames processed
[vision] Status: 1000 frames processed
[vision] Status: 1100 frames processed
[vision] Status: 1200 frames processed
[vision] Status: 1300 frames processed
[vision] Status: 1400 frames processed
[vision] Status: 1500 frames processed
[vision] Status: 1600 frames processed
[vision] Status: 1700 frames processed
[vision] Status: 1800 frames processed
[vision] Status: 1900 frames processed
[vision] Status: 2000 frames processed
[vision] Status: 2100 frames processed
[vision] Status: 2200 frames processed
[vision] Status: 2300 frames processed
[vision] Status: 2400 frames processed
[vision] Status: 2500 frames processed
[vision] Status: 2600 frames processed
